<?xml version="1.0" encoding="UTF-8"?>
<!-- Generated by org.testng.reporters.JUnitReportReporter -->
<testsuite hostname="LAPTOP-4VIC74S6" failures="0" tests="1" name="com.Medicine_lead_TC.Medicine_lead_TC" time="21.315" errors="0" timestamp="2022-02-24T12:51:21 IST" skipped="0">
  <testcase classname="com.Medicine_lead_TC.Medicine_lead_TC" name="freeglucolp1" time="21.315"/>
  <system-out/>
</testsuite> <!-- com.Medicine_lead_TC.Medicine_lead_TC -->
